
Showing logs for build [32mcb-kubecd-environment-pr-1412-4-tjglk-1[0m stage [32mfrom-build-pack[0m and container [32mstep-credential-initializer-9clb5[0m
{"level":"warn","ts":1586988578.9578094,"logger":"fallback-logger","caller":"logging/config.go:69","msg":"Fetch GitHub commit ID from kodata failed: \"ref: refs/heads/0.8.0-**-support-backwards-incompats\" is not a valid GitHub commit ID"}
{"level":"info","ts":1586988578.958336,"logger":"fallback-logger","caller":"creds-init/main.go:40","msg":"Credentials initialized."}

Showing logs for build [32mcb-kubecd-environment-pr-1412-4-tjglk-1[0m stage [32mfrom-build-pack[0m and container [32mstep-working-dir-initializer-5bnxp[0m
{"level":"warn","ts":1586988579.7506125,"logger":"fallback-logger","caller":"logging/config.go:69","msg":"Fetch GitHub commit ID from kodata failed: open /var/run/ko/HEAD: no such file or directory"}
{"level":"info","ts":1586988579.754337,"logger":"fallback-logger","caller":"bash/main.go:64","msg":"Successfully executed command \"sh -c mkdir -p /workspace/source\"; output "}

Showing logs for build [32mcb-kubecd-environment-pr-1412-4-tjglk-1[0m stage [32mfrom-build-pack[0m and container [32mstep-place-tools[0m

Showing logs for build [32mcb-kubecd-environment-pr-1412-4-tjglk-1[0m stage [32mfrom-build-pack[0m and container [32mstep-git-source-cb-kubecd-environment-pr-1412-4-tjglk-97wj9[0m
{"level":"warn","ts":1586988585.9394057,"logger":"fallback-logger","caller":"logging/config.go:69","msg":"Fetch GitHub commit ID from kodata failed: \"ref: refs/heads/0.8.0-**-support-backwards-incompats\" is not a valid GitHub commit ID"}
{"level":"info","ts":1586988587.0260377,"logger":"fallback-logger","caller":"git/git.go:103","msg":"Successfully cloned https://github.com/cb-kubecd/environment-pr-1412-4-bdd-frontend-staging.git @ master in path /workspace/source"}

Showing logs for build [32mcb-kubecd-environment-pr-1412-4-tjglk-1[0m stage [32mfrom-build-pack[0m and container [32mstep-git-merge[0m
Using SHAs from PULL_REFS=master:127b1881e4a020ff6e1e4164487099d939916649,1:a92a8dc7e988ac3866ea48af3b3ed28ee7ad0e02
DEBUG: LC_ALL=C JX_LOG_LEVEL=error git fetch origin --unshallow a92a8dc7e988ac3866ea48af3b3ed28ee7ad0e02: 127b1881e4a020ff6e1e4164487099d939916649:
DEBUG: ran git fetch --unshallow origin a92a8dc7e988ac3866ea48af3b3ed28ee7ad0e02: 127b1881e4a020ff6e1e4164487099d939916649: in 
DEBUG: LC_ALL=C JX_LOG_LEVEL=error git branch
DEBUG: LC_ALL=C JX_LOG_LEVEL=error git checkout master
DEBUG: ran git checkout master in 
DEBUG: LC_ALL=C JX_LOG_LEVEL=error git reset --hard 127b1881e4a020ff6e1e4164487099d939916649
DEBUG: ran git reset --hard 127b1881e4a020ff6e1e4164487099d939916649 in 
DEBUG: LC_ALL=C JX_LOG_LEVEL=error git clean -fd .
DEBUG: ran clean --force -d . in 
DEBUG: LC_ALL=C JX_LOG_LEVEL=error git merge a92a8dc7e988ac3866ea48af3b3ed28ee7ad0e02
DEBUG: ran git merge a92a8dc7e988ac3866ea48af3b3ed28ee7ad0e02 in 
DEBUG: LC_ALL=C JX_LOG_LEVEL=error git log --format=%H%x1f%an%x1f%ae%x1f%cn%x1f%ce%x1f%s%n%b%x1e 127b1881e4a020ff6e1e4164487099d939916649..HEAD
Merged SHA a92a8dc7e988ac3866ea48af3b3ed28ee7ad0e02 with commit message 'chore: Promote bdd-nh-1586987516 to version 0.0.1' into base branch master

Showing logs for build [32mcb-kubecd-environment-pr-1412-4-tjglk-1[0m stage [32mfrom-build-pack[0m and container [32mstep-build-helm-build[0m
WARNING: No $CHART_REPOSITORY defined so using the default value of: http://jenkins-x-chartmuseum:8080
Adding missing Helm repo: storage.googleapis.com https://storage.googleapis.com/chartmuseum.jenkins-x.io
WARNING: No secrets found on "helm/repos" due: reading the secret "helm/repos" from vault: no secret "helm/repos" not found in vault
Read credentials for https://storage.googleapis.com/chartmuseum.jenkins-x.io from vault helm/repos
Successfully added Helm repository storage.googleapis.com.
Adding missing Helm repo: jenkins-x-chartmuseum http://jenkins-x-chartmuseum:8080
WARNING: No secrets found on "helm/repos" due: reading the secret "helm/repos" from vault: no secret "helm/repos" not found in vault
Read credentials for http://jenkins-x-chartmuseum:8080 from vault helm/repos
Successfully added Helm repository jenkins-x-chartmuseum.
WARNING: No $CHART_REPOSITORY defined so using the default value of: http://jenkins-x-chartmuseum:8080
Adding missing Helm repo: chartmuseum.jenkins-x.io http://chartmuseum.jenkins-x.io
WARNING: No secrets found on "helm/repos" due: reading the secret "helm/repos" from vault: no secret "helm/repos" not found in vault
Read credentials for http://chartmuseum.jenkins-x.io from vault helm/repos
Successfully added Helm repository chartmuseum.jenkins-x.io.
